Using pre-set license
Built from '2020.3/staging' branch; Version is '2020.3.0f1 (c7b5465681fb) revision 13088070'; Using compiler version '192528614'; Build Type 'Release'
OS: 'Windows 10 Pro; OS build 19042.1110; Version 2009; 64bit' Language: 'en' Physical Memory: 8076 MB
BatchMode: 1, IsHumanControllingUs: 0, StartBugReporterOnCrash: 0, Is64bit: 1, IsPro: 0

 COMMAND LINE ARGUMENTS:
C:\Program Files\Unity\Hub\Editor\2020.3.0f1\Editor\Unity.exe
-adb2
-batchMode
-noUpm
-name
AssetImportWorker0
-projectPath
D:/Github/Data-Persistence-Project
-logFile
Logs/AssetImportWorker0.log
-srvPort
51049
Successfully changed project path to: D:/Github/Data-Persistence-Project
D:/Github/Data-Persistence-Project
Using Asset Import Pipeline V2.
Refreshing native plugins compatible for Editor in 65.55 ms, found 0 plugins.
Preloading 0 native plugins for Editor in 0.00 ms.
Initialize engine version: 2020.3.0f1 (c7b5465681fb)
[Subsystems] Discovering subsystems at path C:/Program Files/Unity/Hub/Editor/2020.3.0f1/Editor/Data/Resources/UnitySubsystems
[Subsystems] Discovering subsystems at path D:/Github/Data-Persistence-Project/Assets
GfxDevice: creating device client; threaded=0
Direct3D:
    Version:  Direct3D 11.0 [level 11.1]
    Renderer: NVIDIA GeForce GTX 970M (ID=0x13d8)
    Vendor:   
    VRAM:     3032 MB
    Driver:   26.21.14.3064
Shader 'Universal Render Pipeline/Particles/Lit': fallback shader 'Universal Render Pipeline/Particles/SimpleLit' not found
Initialize mono
Mono path[0] = 'C:/Program Files/Unity/Hub/Editor/2020.3.0f1/Editor/Data/Managed'
Mono path[1] = 'C:/Program Files/Unity/Hub/Editor/2020.3.0f1/Editor/Data/MonoBleedingEdge/lib/mono/unityjit'
Mono config path = 'C:/Program Files/Unity/Hub/Editor/2020.3.0f1/Editor/Data/MonoBleedingEdge/etc'
Using monoOptions --debugger-agent=transport=dt_socket,embedding=1,server=y,suspend=n,address=127.0.0.1:56608
Begin MonoManager ReloadAssembly
Registering precompiled unity dll's ...
Register platform support module: C:/Program Files/Unity/Hub/Editor/2020.3.0f1/Editor/Data/PlaybackEngines/WebGLSupport/UnityEditor.WebGL.Extensions.dll
Register platform support module: C:/Program Files/Unity/Hub/Editor/2020.3.0f1/Editor/Data/PlaybackEngines/MacStandaloneSupport/UnityEditor.OSXStandalone.Extensions.dll
Register platform support module: C:/Program Files/Unity/Hub/Editor/2020.3.0f1/Editor/Data/PlaybackEngines/WindowsStandaloneSupport/UnityEditor.WindowsStandalone.Extensions.dll
Register platform support module: C:/Program Files/Unity/Hub/Editor/2020.3.0f1/Editor/Data/PlaybackEngines/LinuxStandaloneSupport/UnityEditor.LinuxStandalone.Extensions.dll
Register platform support module: C:/Program Files/Unity/Hub/Editor/2020.3.0f1/Editor/Data/PlaybackEngines/LuminSupport/UnityEditor.Lumin.Extensions.dll
Registered in 0.003386 seconds.
Native extension for Lumin target not found
Native extension for LinuxStandalone target not found
Native extension for WindowsStandalone target not found
Native extension for OSXStandalone target not found
Native extension for WebGL target not found
Refreshing native plugins compatible for Editor in 50.44 ms, found 0 plugins.
Preloading 0 native plugins for Editor in 0.00 ms.
Invoked RoslynAnalysisRunner static constructor.
RoslynAnalysisRunner will not be running.
RoslynAnalysisRunner has terminated.
Mono: successfully reloaded assembly
- Completed reload, in  2.224 seconds
Platform modules already initialized, skipping
Registering precompiled user dll's ...
Registered in 0.001102 seconds.
Begin MonoManager ReloadAssembly
Native extension for Lumin target not found
Native extension for LinuxStandalone target not found
Native extension for WindowsStandalone target not found
Native extension for OSXStandalone target not found
Native extension for WebGL target not found
Refreshing native plugins compatible for Editor in 52.40 ms, found 0 plugins.
Preloading 0 native plugins for Editor in 0.00 ms.
Invoked RoslynAnalysisRunner static constructor.
RoslynAnalysisRunner will not be running.
RoslynAnalysisRunner has terminated.
Mono: successfully reloaded assembly
- Completed reload, in  1.364 seconds
Platform modules already initialized, skipping
========================================================================
Worker process is ready to serve import requests
Shader 'Universal Render Pipeline/Particles/Lit': fallback shader 'Universal Render Pipeline/Particles/SimpleLit' not found
Launched and connected shader compiler UnityShaderCompiler.exe after 0.04 seconds
Refreshing native plugins compatible for Editor in 0.48 ms, found 0 plugins.
Preloading 0 native plugins for Editor in 0.00 ms.
Unloading 2422 Unused Serialized files (Serialized files now loaded: 0)
System memory in use before: 112.0 MB.
System memory in use after: 112.2 MB.

Unloading 10 unused Assets to reduce memory usage. Loaded Objects now: 2863.
Total: 3.498800 ms (FindLiveObjects: 0.464700 ms CreateObjectMapping: 0.330900 ms MarkObjects: 2.622900 ms  DeleteObjects: 0.079200 ms)

========================================================================
Received Import Request.
  path: Assets/Bounce.physicMaterial
  artifactKey: Guid(bc24b7fc41d5dfb4698e2ca16a37dfad) Importer(815301076,1909f56bfc062723c751e8b465ee728b)
Start importing Assets/Bounce.physicMaterial using Guid(bc24b7fc41d5dfb4698e2ca16a37dfad) Importer(815301076,1909f56bfc062723c751e8b465ee728b)  -> (artifact id: '190767dab91badacb6b24d69a948553c') in 0.033094 seconds
  Import took 0.038759 seconds .

========================================================================
Received Import Request.
  Time since last request: 160.794731 seconds.
  path: Assets/Scenes/main.unity
  artifactKey: Guid(78a510c781f19db4da14f78ebb30946a) Importer(815301076,1909f56bfc062723c751e8b465ee728b)
Start importing Assets/Scenes/main.unity using Guid(78a510c781f19db4da14f78ebb30946a) Importer(815301076,1909f56bfc062723c751e8b465ee728b)  -> (artifact id: '7c7262e489e3a3b8a72ad802aa855379') in 0.001567 seconds
  Import took 0.006223 seconds .

========================================================================
Received Import Request.
  Time since last request: 0.012068 seconds.
  path: Assets/Scenes/main.unity
  artifactKey: Guid(78a510c781f19db4da14f78ebb30946a) Importer(815301076,1909f56bfc062723c751e8b465ee728b)
Start importing Assets/Scenes/main.unity using Guid(78a510c781f19db4da14f78ebb30946a) Importer(815301076,1909f56bfc062723c751e8b465ee728b)  -> (artifact id: '7c7262e489e3a3b8a72ad802aa855379') in 0.001612 seconds
  Import took 0.007035 seconds .

========================================================================
Received Prepare
Registering precompiled user dll's ...
Registered in 0.001719 seconds.
Begin MonoManager ReloadAssembly
Native extension for Lumin target not found
Native extension for LinuxStandalone target not found
Native extension for WindowsStandalone target not found
Native extension for OSXStandalone target not found
Native extension for WebGL target not found
Refreshing native plugins compatible for Editor in 0.95 ms, found 0 plugins.
Preloading 0 native plugins for Editor in 0.00 ms.
Invoked RoslynAnalysisRunner static constructor.
RoslynAnalysisRunner will not be running.
RoslynAnalysisRunner has terminated.
Mono: successfully reloaded assembly
- Completed reload, in  1.855 seconds
Platform modules already initialized, skipping
Shader 'Universal Render Pipeline/Particles/Lit': fallback shader 'Universal Render Pipeline/Particles/SimpleLit' not found
Refreshing native plugins compatible for Editor in 0.80 ms, found 0 plugins.
Preloading 0 native plugins for Editor in 0.00 ms.
Unloading 2313 Unused Serialized files (Serialized files now loaded: 0)
System memory in use before: 106.2 MB.
System memory in use after: 106.4 MB.

Unloading 5 unused Assets to reduce memory usage. Loaded Objects now: 2866.
Total: 4.829500 ms (FindLiveObjects: 0.480100 ms CreateObjectMapping: 0.365600 ms MarkObjects: 3.958800 ms  DeleteObjects: 0.022800 ms)

========================================================================
Received Import Request.
  Time since last request: 381.110625 seconds.
  path: Assets/Scenes
  artifactKey: Guid(b3d8a22b2eaae1048a5db3be5ce09cb2) Importer(815301076,1909f56bfc062723c751e8b465ee728b)
Start importing Assets/Scenes using Guid(b3d8a22b2eaae1048a5db3be5ce09cb2) Importer(815301076,1909f56bfc062723c751e8b465ee728b)  -> (artifact id: '3bf1b9962f498e54f17bf0081046bfec') in 0.008227 seconds
  Import took 0.014897 seconds .

========================================================================
Received Import Request.
  Time since last request: 0.005018 seconds.
  path: Assets/Scenes
  artifactKey: Guid(b3d8a22b2eaae1048a5db3be5ce09cb2) Importer(815301076,1909f56bfc062723c751e8b465ee728b)
Start importing Assets/Scenes using Guid(b3d8a22b2eaae1048a5db3be5ce09cb2) Importer(815301076,1909f56bfc062723c751e8b465ee728b)  -> (artifact id: '3bf1b9962f498e54f17bf0081046bfec') in 0.001440 seconds
  Import took 0.007403 seconds .

========================================================================
Received Import Request.
  Time since last request: 34.356691 seconds.
  path: Assets/Scenes/start menu.unity
  artifactKey: Guid(8844adf90d0bea74692c893532e9ef05) Importer(815301076,1909f56bfc062723c751e8b465ee728b)
Start importing Assets/Scenes/start menu.unity using Guid(8844adf90d0bea74692c893532e9ef05) Importer(815301076,1909f56bfc062723c751e8b465ee728b)  -> (artifact id: '66ed5df2e61574baf00d6a69baf4e3fd') in 0.011789 seconds
  Import took 0.017223 seconds .

========================================================================
Received Import Request.
  Time since last request: 0.010629 seconds.
  path: Assets/Scenes/start menu.unity
  artifactKey: Guid(8844adf90d0bea74692c893532e9ef05) Importer(815301076,1909f56bfc062723c751e8b465ee728b)
Start importing Assets/Scenes/start menu.unity using Guid(8844adf90d0bea74692c893532e9ef05) Importer(815301076,1909f56bfc062723c751e8b465ee728b)  -> (artifact id: '66ed5df2e61574baf00d6a69baf4e3fd') in 0.002762 seconds
  Import took 0.009180 seconds .

========================================================================
Received Prepare
Registering precompiled user dll's ...
Registered in 0.001154 seconds.
Begin MonoManager ReloadAssembly
Native extension for Lumin target not found
Native extension for LinuxStandalone target not found
Native extension for WindowsStandalone target not found
Native extension for OSXStandalone target not found
Native extension for WebGL target not found
Refreshing native plugins compatible for Editor in 0.47 ms, found 0 plugins.
Preloading 0 native plugins for Editor in 0.00 ms.
Invoked RoslynAnalysisRunner static constructor.
RoslynAnalysisRunner will not be running.
RoslynAnalysisRunner has terminated.
Mono: successfully reloaded assembly
- Completed reload, in  0.986 seconds
Platform modules already initialized, skipping
Shader 'Universal Render Pipeline/Particles/Lit': fallback shader 'Universal Render Pipeline/Particles/SimpleLit' not found
Refreshing native plugins compatible for Editor in 0.49 ms, found 0 plugins.
Preloading 0 native plugins for Editor in 0.00 ms.
Unloading 2313 Unused Serialized files (Serialized files now loaded: 0)
System memory in use before: 106.3 MB.
System memory in use after: 106.5 MB.

Unloading 5 unused Assets to reduce memory usage. Loaded Objects now: 2869.
Total: 2.885200 ms (FindLiveObjects: 0.299600 ms CreateObjectMapping: 0.117700 ms MarkObjects: 2.435200 ms  DeleteObjects: 0.029800 ms)

========================================================================
Received Import Request.
  Time since last request: 18355.036023 seconds.
  path: Assets/Scripts/MainManager.cs
  artifactKey: Guid(d110623a642692246a42fbc2d8d89884) Importer(815301076,1909f56bfc062723c751e8b465ee728b)
Start importing Assets/Scripts/MainManager.cs using Guid(d110623a642692246a42fbc2d8d89884) Importer(815301076,1909f56bfc062723c751e8b465ee728b)  -> (artifact id: '447bbb5cfd0b0c7c43a2526fa8fe3280') in 0.202324 seconds
  Import took 0.375692 seconds .

========================================================================
Received Import Request.
  Time since last request: 0.004040 seconds.
  path: Assets/Scripts/MainManager.cs
  artifactKey: Guid(d110623a642692246a42fbc2d8d89884) Importer(815301076,1909f56bfc062723c751e8b465ee728b)
Start importing Assets/Scripts/MainManager.cs using Guid(d110623a642692246a42fbc2d8d89884) Importer(815301076,1909f56bfc062723c751e8b465ee728b)  -> (artifact id: '447bbb5cfd0b0c7c43a2526fa8fe3280') in 0.001600 seconds
  Import took 0.007671 seconds .

========================================================================
Received Import Request.
  Time since last request: 2.406377 seconds.
  path: Assets/Scripts/Paddle.cs
  artifactKey: Guid(b1c141baad4ddf14a98c290342342cf6) Importer(815301076,1909f56bfc062723c751e8b465ee728b)
Start importing Assets/Scripts/Paddle.cs using Guid(b1c141baad4ddf14a98c290342342cf6) Importer(815301076,1909f56bfc062723c751e8b465ee728b)  -> (artifact id: '9a61789c46244282c8b0fa7c86f5b547') in 0.010409 seconds
  Import took 0.016174 seconds .

========================================================================
Received Import Request.
  Time since last request: 0.000713 seconds.
  path: Assets/Scripts/Paddle.cs
  artifactKey: Guid(b1c141baad4ddf14a98c290342342cf6) Importer(815301076,1909f56bfc062723c751e8b465ee728b)
Start importing Assets/Scripts/Paddle.cs using Guid(b1c141baad4ddf14a98c290342342cf6) Importer(815301076,1909f56bfc062723c751e8b465ee728b)  -> (artifact id: '9a61789c46244282c8b0fa7c86f5b547') in 0.001901 seconds
  Import took 0.007722 seconds .

========================================================================
Received Import Request.
  Time since last request: 4513.083344 seconds.
  path: Assets/Scripts/DeathZone.cs
  artifactKey: Guid(ee19acfba77e9084fb4ce7ee7ff9e3d6) Importer(815301076,1909f56bfc062723c751e8b465ee728b)
Start importing Assets/Scripts/DeathZone.cs using Guid(ee19acfba77e9084fb4ce7ee7ff9e3d6) Importer(815301076,1909f56bfc062723c751e8b465ee728b)  -> (artifact id: '5c0e488f1b8822e5b795069e1bebf2a2') in 0.027013 seconds
  Import took 0.056729 seconds .

========================================================================
Received Import Request.
  Time since last request: 0.152031 seconds.
  path: Assets/Scripts/Brick.cs
  artifactKey: Guid(4ae693949f13e78488ec36319c04419f) Importer(815301076,1909f56bfc062723c751e8b465ee728b)
Start importing Assets/Scripts/Brick.cs using Guid(4ae693949f13e78488ec36319c04419f) Importer(815301076,1909f56bfc062723c751e8b465ee728b)  -> (artifact id: 'bea7b611fa35662659534419c527537b') in 0.001886 seconds
  Import took 0.009148 seconds .

========================================================================
Received Import Request.
  Time since last request: 0.001753 seconds.
  path: Assets/Scripts/Brick.cs
  artifactKey: Guid(4ae693949f13e78488ec36319c04419f) Importer(815301076,1909f56bfc062723c751e8b465ee728b)
Start importing Assets/Scripts/Brick.cs using Guid(4ae693949f13e78488ec36319c04419f) Importer(815301076,1909f56bfc062723c751e8b465ee728b)  -> (artifact id: 'bea7b611fa35662659534419c527537b') in 0.001873 seconds
  Import took 0.008330 seconds .

========================================================================
Received Import Request.
  Time since last request: 0.558141 seconds.
  path: Assets/Scripts
  artifactKey: Guid(02a3527b6b33a924e8ec66aa805ea717) Importer(815301076,1909f56bfc062723c751e8b465ee728b)
Start importing Assets/Scripts using Guid(02a3527b6b33a924e8ec66aa805ea717) Importer(815301076,1909f56bfc062723c751e8b465ee728b)  -> (artifact id: 'fe0dbd62ec9af9c816321418d314a904') in 0.040889 seconds
  Import took 0.047619 seconds .

========================================================================
Received Import Request.
  Time since last request: 12.154542 seconds.
  path: Assets/Scripts/SceneHandler.cs
  artifactKey: Guid(04fc97bc26f1c1042a5415ffccb8e0e0) Importer(815301076,1909f56bfc062723c751e8b465ee728b)
Start importing Assets/Scripts/SceneHandler.cs using Guid(04fc97bc26f1c1042a5415ffccb8e0e0) Importer(815301076,1909f56bfc062723c751e8b465ee728b)  -> (artifact id: '4c3593977d58e923bccaac8b532424fd') in 0.021040 seconds
  Import took 0.029142 seconds .

========================================================================
Received Import Request.
  Time since last request: 0.004333 seconds.
  path: Assets/Scripts/SceneHandler.cs
  artifactKey: Guid(04fc97bc26f1c1042a5415ffccb8e0e0) Importer(815301076,1909f56bfc062723c751e8b465ee728b)
Start importing Assets/Scripts/SceneHandler.cs using Guid(04fc97bc26f1c1042a5415ffccb8e0e0) Importer(815301076,1909f56bfc062723c751e8b465ee728b)  -> (artifact id: '4c3593977d58e923bccaac8b532424fd') in 0.002129 seconds
  Import took 0.013209 seconds .

========================================================================
Received Prepare
Registering precompiled user dll's ...
Registered in 0.001409 seconds.
Begin MonoManager ReloadAssembly
Native extension for Lumin target not found
Native extension for LinuxStandalone target not found
Native extension for WindowsStandalone target not found
Native extension for OSXStandalone target not found
Native extension for WebGL target not found
Refreshing native plugins compatible for Editor in 0.57 ms, found 0 plugins.
Preloading 0 native plugins for Editor in 0.00 ms.
Invoked RoslynAnalysisRunner static constructor.
RoslynAnalysisRunner will not be running.
RoslynAnalysisRunner has terminated.
Mono: successfully reloaded assembly
- Completed reload, in  1.403 seconds
Platform modules already initialized, skipping
Shader 'Universal Render Pipeline/Particles/Lit': fallback shader 'Universal Render Pipeline/Particles/SimpleLit' not found
Refreshing native plugins compatible for Editor in 0.52 ms, found 0 plugins.
Preloading 0 native plugins for Editor in 0.00 ms.
Unloading 2314 Unused Serialized files (Serialized files now loaded: 0)
System memory in use before: 106.3 MB.
System memory in use after: 106.5 MB.

Unloading 5 unused Assets to reduce memory usage. Loaded Objects now: 2873.
Total: 2.989300 ms (FindLiveObjects: 0.461500 ms CreateObjectMapping: 0.123800 ms MarkObjects: 2.364900 ms  DeleteObjects: 0.037700 ms)

========================================================================
Received Prepare
Registering precompiled user dll's ...
Registered in 0.001025 seconds.
Begin MonoManager ReloadAssembly
Native extension for Lumin target not found
Native extension for LinuxStandalone target not found
Native extension for WindowsStandalone target not found
Native extension for OSXStandalone target not found
Native extension for WebGL target not found
Refreshing native plugins compatible for Editor in 0.50 ms, found 0 plugins.
Preloading 0 native plugins for Editor in 0.00 ms.
Invoked RoslynAnalysisRunner static constructor.
RoslynAnalysisRunner will not be running.
RoslynAnalysisRunner has terminated.
Mono: successfully reloaded assembly
- Completed reload, in  0.975 seconds
Platform modules already initialized, skipping
Shader 'Universal Render Pipeline/Particles/Lit': fallback shader 'Universal Render Pipeline/Particles/SimpleLit' not found
Refreshing native plugins compatible for Editor in 0.52 ms, found 0 plugins.
Preloading 0 native plugins for Editor in 0.00 ms.
Unloading 2314 Unused Serialized files (Serialized files now loaded: 0)
System memory in use before: 106.3 MB.
System memory in use after: 106.6 MB.

Unloading 5 unused Assets to reduce memory usage. Loaded Objects now: 2876.
Total: 4.002700 ms (FindLiveObjects: 0.476900 ms CreateObjectMapping: 0.293400 ms MarkObjects: 3.201000 ms  DeleteObjects: 0.030300 ms)

========================================================================
Received Import Request.
  Time since last request: 46.407894 seconds.
  path: Assets/Scripts/SceneHandler.cs
  artifactKey: Guid(04fc97bc26f1c1042a5415ffccb8e0e0) Importer(815301076,1909f56bfc062723c751e8b465ee728b)
Start importing Assets/Scripts/SceneHandler.cs using Guid(04fc97bc26f1c1042a5415ffccb8e0e0) Importer(815301076,1909f56bfc062723c751e8b465ee728b)  -> (artifact id: '794b078d1e86f94cab0022c4c8bc88fa') in 0.005477 seconds
  Import took 0.010401 seconds .

========================================================================
Received Prepare
Registering precompiled user dll's ...
Registered in 0.001265 seconds.
Begin MonoManager ReloadAssembly
Native extension for Lumin target not found
Native extension for LinuxStandalone target not found
Native extension for WindowsStandalone target not found
Native extension for OSXStandalone target not found
Native extension for WebGL target not found
Refreshing native plugins compatible for Editor in 0.62 ms, found 0 plugins.
Preloading 0 native plugins for Editor in 0.00 ms.
Invoked RoslynAnalysisRunner static constructor.
RoslynAnalysisRunner will not be running.
RoslynAnalysisRunner has terminated.
Mono: successfully reloaded assembly
- Completed reload, in  1.036 seconds
Platform modules already initialized, skipping
Shader 'Universal Render Pipeline/Particles/Lit': fallback shader 'Universal Render Pipeline/Particles/SimpleLit' not found
Refreshing native plugins compatible for Editor in 0.48 ms, found 0 plugins.
Preloading 0 native plugins for Editor in 0.00 ms.
Unloading 2314 Unused Serialized files (Serialized files now loaded: 0)
System memory in use before: 106.3 MB.
System memory in use after: 106.5 MB.

Unloading 5 unused Assets to reduce memory usage. Loaded Objects now: 2879.
Total: 3.794500 ms (FindLiveObjects: 0.691800 ms CreateObjectMapping: 0.435300 ms MarkObjects: 2.629800 ms  DeleteObjects: 0.036400 ms)

========================================================================
Received Import Request.
  Time since last request: 181.267973 seconds.
  path: Assets/Scripts/SceneHandler.cs
  artifactKey: Guid(04fc97bc26f1c1042a5415ffccb8e0e0) Importer(815301076,1909f56bfc062723c751e8b465ee728b)
Start importing Assets/Scripts/SceneHandler.cs using Guid(04fc97bc26f1c1042a5415ffccb8e0e0) Importer(815301076,1909f56bfc062723c751e8b465ee728b)  -> (artifact id: 'f1daf6e1589b173d42d70b20a993d0b1') in 0.007187 seconds
  Import took 0.303559 seconds .

========================================================================
Received Import Request.
  Time since last request: 111.504100 seconds.
  path: Assets/Scenes/start menu.unity
  artifactKey: Guid(8844adf90d0bea74692c893532e9ef05) Importer(815301076,1909f56bfc062723c751e8b465ee728b)
Start importing Assets/Scenes/start menu.unity using Guid(8844adf90d0bea74692c893532e9ef05) Importer(815301076,1909f56bfc062723c751e8b465ee728b)  -> (artifact id: '402d0be8ec19ad18df8687d8f67bd002') in 0.018750 seconds
  Import took 0.025617 seconds .

========================================================================
Received Prepare
Registering precompiled user dll's ...
Registered in 0.001414 seconds.
Begin MonoManager ReloadAssembly
Native extension for Lumin target not found
Native extension for LinuxStandalone target not found
Native extension for WindowsStandalone target not found
Native extension for OSXStandalone target not found
Native extension for WebGL target not found
Refreshing native plugins compatible for Editor in 0.74 ms, found 0 plugins.
Preloading 0 native plugins for Editor in 0.00 ms.
Invoked RoslynAnalysisRunner static constructor.
RoslynAnalysisRunner will not be running.
RoslynAnalysisRunner has terminated.
Mono: successfully reloaded assembly
- Completed reload, in  1.131 seconds
Platform modules already initialized, skipping
Shader 'Universal Render Pipeline/Particles/Lit': fallback shader 'Universal Render Pipeline/Particles/SimpleLit' not found
Refreshing native plugins compatible for Editor in 0.49 ms, found 0 plugins.
Preloading 0 native plugins for Editor in 0.00 ms.
Unloading 2314 Unused Serialized files (Serialized files now loaded: 0)
System memory in use before: 106.4 MB.
System memory in use after: 106.6 MB.

Unloading 5 unused Assets to reduce memory usage. Loaded Objects now: 2882.
Total: 3.505500 ms (FindLiveObjects: 0.389700 ms CreateObjectMapping: 0.272800 ms MarkObjects: 2.802200 ms  DeleteObjects: 0.038700 ms)

========================================================================
Received Import Request.
  Time since last request: 165.011370 seconds.
  path: Assets/Scenes/score.unity
  artifactKey: Guid(78ccb48a9124420448c8eee6969cee53) Importer(815301076,1909f56bfc062723c751e8b465ee728b)
Start importing Assets/Scenes/score.unity using Guid(78ccb48a9124420448c8eee6969cee53) Importer(815301076,1909f56bfc062723c751e8b465ee728b)  -> (artifact id: '08bce390423605b325a21d5bdf803f01') in 0.017471 seconds
  Import took 0.026355 seconds .

========================================================================
Received Import Request.
  Time since last request: 0.005072 seconds.
  path: Assets/Scenes/score.unity
  artifactKey: Guid(78ccb48a9124420448c8eee6969cee53) Importer(815301076,1909f56bfc062723c751e8b465ee728b)
Start importing Assets/Scenes/score.unity using Guid(78ccb48a9124420448c8eee6969cee53) Importer(815301076,1909f56bfc062723c751e8b465ee728b)  -> (artifact id: '08bce390423605b325a21d5bdf803f01') in 0.003050 seconds
  Import took 0.011161 seconds .

========================================================================
Received Import Request.
  Time since last request: 66.492483 seconds.
  path: Assets/Prefabs/BrickPrefab.prefab
  artifactKey: Guid(63f25b9733d2bcd4fa2ff6de1264c739) Importer(815301076,1909f56bfc062723c751e8b465ee728b)
Start importing Assets/Prefabs/BrickPrefab.prefab using Guid(63f25b9733d2bcd4fa2ff6de1264c739) Importer(815301076,1909f56bfc062723c751e8b465ee728b)  -> (artifact id: '4b4bbd5b72f1f65ce215d85cc686114b') in 0.257097 seconds
  Import took 0.304513 seconds .

========================================================================
Received Import Request.
  Time since last request: 58.484073 seconds.
  path: Assets/Scenes/score.unity
  artifactKey: Guid(78ccb48a9124420448c8eee6969cee53) Importer(815301076,1909f56bfc062723c751e8b465ee728b)
Start importing Assets/Scenes/score.unity using Guid(78ccb48a9124420448c8eee6969cee53) Importer(815301076,1909f56bfc062723c751e8b465ee728b)  -> (artifact id: '008a006187a3bd8a7789a8b9694b0e47') in 0.004047 seconds
  Import took 0.050671 seconds .

========================================================================
Received Import Request.
  Time since last request: 5.925642 seconds.
  path: Assets/Scenes/start menu.unity
  artifactKey: Guid(8844adf90d0bea74692c893532e9ef05) Importer(815301076,1909f56bfc062723c751e8b465ee728b)
Start importing Assets/Scenes/start menu.unity using Guid(8844adf90d0bea74692c893532e9ef05) Importer(815301076,1909f56bfc062723c751e8b465ee728b)  -> (artifact id: 'f1b179c61d8d49211584e938bd19d094') in 0.002298 seconds
  Import took 0.010542 seconds .

========================================================================
Received Prepare
Registering precompiled user dll's ...
Registered in 0.001085 seconds.
Begin MonoManager ReloadAssembly
Native extension for Lumin target not found
Native extension for LinuxStandalone target not found
Native extension for WindowsStandalone target not found
Native extension for OSXStandalone target not found
Native extension for WebGL target not found
Refreshing native plugins compatible for Editor in 0.47 ms, found 0 plugins.
Preloading 0 native plugins for Editor in 0.00 ms.
Invoked RoslynAnalysisRunner static constructor.
RoslynAnalysisRunner will not be running.
RoslynAnalysisRunner has terminated.
Mono: successfully reloaded assembly
- Completed reload, in  1.088 seconds
Platform modules already initialized, skipping
Shader 'Universal Render Pipeline/Particles/Lit': fallback shader 'Universal Render Pipeline/Particles/SimpleLit' not found
Refreshing native plugins compatible for Editor in 0.48 ms, found 0 plugins.
Preloading 0 native plugins for Editor in 0.00 ms.
Unloading 2314 Unused Serialized files (Serialized files now loaded: 0)
System memory in use before: 111.6 MB.
System memory in use after: 111.9 MB.

Unloading 5 unused Assets to reduce memory usage. Loaded Objects now: 2931.
Total: 3.384900 ms (FindLiveObjects: 0.352500 ms CreateObjectMapping: 0.146800 ms MarkObjects: 2.830600 ms  DeleteObjects: 0.053800 ms)

========================================================================
Received Prepare
Registering precompiled user dll's ...
Registered in 0.027141 seconds.
Begin MonoManager ReloadAssembly
Native extension for Lumin target not found
Native extension for LinuxStandalone target not found
Native extension for WindowsStandalone target not found
Native extension for OSXStandalone target not found
Native extension for WebGL target not found
Refreshing native plugins compatible for Editor in 0.47 ms, found 0 plugins.
Preloading 0 native plugins for Editor in 0.00 ms.
Invoked RoslynAnalysisRunner static constructor.
RoslynAnalysisRunner will not be running.
RoslynAnalysisRunner has terminated.
Mono: successfully reloaded assembly
- Completed reload, in  2.064 seconds
Platform modules already initialized, skipping
Shader 'Universal Render Pipeline/Particles/Lit': fallback shader 'Universal Render Pipeline/Particles/SimpleLit' not found
Refreshing native plugins compatible for Editor in 0.57 ms, found 0 plugins.
Preloading 0 native plugins for Editor in 0.00 ms.
Unloading 2314 Unused Serialized files (Serialized files now loaded: 0)
System memory in use before: 111.7 MB.
System memory in use after: 111.9 MB.

Unloading 5 unused Assets to reduce memory usage. Loaded Objects now: 2934.
Total: 3.660600 ms (FindLiveObjects: 0.471200 ms CreateObjectMapping: 0.157100 ms MarkObjects: 3.006000 ms  DeleteObjects: 0.024500 ms)

========================================================================
Received Import Request.
  Time since last request: 2284.012490 seconds.
  path: Assets/Scripts/ScoreManager.cs
  artifactKey: Guid(3216ca067bd442a45994f51073fb369b) Importer(815301076,1909f56bfc062723c751e8b465ee728b)
Start importing Assets/Scripts/ScoreManager.cs using Guid(3216ca067bd442a45994f51073fb369b) Importer(815301076,1909f56bfc062723c751e8b465ee728b)  -> (artifact id: 'ba207d7cf55b072047801b27443d655f') in 0.010436 seconds
  Import took 0.040961 seconds .

========================================================================
Received Import Request.
  Time since last request: 0.002281 seconds.
  path: Assets/Scripts/ScoreManager.cs
  artifactKey: Guid(3216ca067bd442a45994f51073fb369b) Importer(815301076,1909f56bfc062723c751e8b465ee728b)
Start importing Assets/Scripts/ScoreManager.cs using Guid(3216ca067bd442a45994f51073fb369b) Importer(815301076,1909f56bfc062723c751e8b465ee728b)  -> (artifact id: 'ba207d7cf55b072047801b27443d655f') in 0.003285 seconds
  Import took 0.010130 seconds .

========================================================================
Received Prepare
Registering precompiled user dll's ...
Registered in 0.001066 seconds.
Begin MonoManager ReloadAssembly
Native extension for Lumin target not found
Native extension for LinuxStandalone target not found
Native extension for WindowsStandalone target not found
Native extension for OSXStandalone target not found
Native extension for WebGL target not found
Refreshing native plugins compatible for Editor in 0.53 ms, found 0 plugins.
Preloading 0 native plugins for Editor in 0.00 ms.
Invoked RoslynAnalysisRunner static constructor.
RoslynAnalysisRunner will not be running.
RoslynAnalysisRunner has terminated.
Mono: successfully reloaded assembly
- Completed reload, in  1.169 seconds
Platform modules already initialized, skipping
Shader 'Universal Render Pipeline/Particles/Lit': fallback shader 'Universal Render Pipeline/Particles/SimpleLit' not found
Refreshing native plugins compatible for Editor in 0.49 ms, found 0 plugins.
Preloading 0 native plugins for Editor in 0.00 ms.
Unloading 2315 Unused Serialized files (Serialized files now loaded: 0)
System memory in use before: 111.7 MB.
System memory in use after: 111.9 MB.

Unloading 5 unused Assets to reduce memory usage. Loaded Objects now: 2938.
Total: 3.929800 ms (FindLiveObjects: 0.576000 ms CreateObjectMapping: 0.276400 ms MarkObjects: 3.042100 ms  DeleteObjects: 0.033900 ms)

========================================================================
Received Prepare
Registering precompiled user dll's ...
Registered in 0.001716 seconds.
Begin MonoManager ReloadAssembly
Native extension for Lumin target not found
Native extension for LinuxStandalone target not found
Native extension for WindowsStandalone target not found
Native extension for OSXStandalone target not found
Native extension for WebGL target not found
Refreshing native plugins compatible for Editor in 0.54 ms, found 0 plugins.
Preloading 0 native plugins for Editor in 0.00 ms.
Invoked RoslynAnalysisRunner static constructor.
RoslynAnalysisRunner will not be running.
RoslynAnalysisRunner has terminated.
Mono: successfully reloaded assembly
- Completed reload, in  1.112 seconds
Platform modules already initialized, skipping
Shader 'Universal Render Pipeline/Particles/Lit': fallback shader 'Universal Render Pipeline/Particles/SimpleLit' not found
Refreshing native plugins compatible for Editor in 0.50 ms, found 0 plugins.
Preloading 0 native plugins for Editor in 0.00 ms.
Unloading 2315 Unused Serialized files (Serialized files now loaded: 0)
System memory in use before: 111.6 MB.
System memory in use after: 111.8 MB.

Unloading 5 unused Assets to reduce memory usage. Loaded Objects now: 2941.
Total: 3.680200 ms (FindLiveObjects: 0.410000 ms CreateObjectMapping: 0.307000 ms MarkObjects: 2.935800 ms  DeleteObjects: 0.025800 ms)

========================================================================
Received Import Request.
  Time since last request: 106.909882 seconds.
  path: Assets/Scenes/start menu.unity
  artifactKey: Guid(8844adf90d0bea74692c893532e9ef05) Importer(815301076,1909f56bfc062723c751e8b465ee728b)
Start importing Assets/Scenes/start menu.unity using Guid(8844adf90d0bea74692c893532e9ef05) Importer(815301076,1909f56bfc062723c751e8b465ee728b)  -> (artifact id: '35cbabf0dc717b8e3ad1b61d6c17be61') in 0.016328 seconds
  Import took 0.022219 seconds .

========================================================================
Received Import Request.
  Time since last request: 0.000569 seconds.
  path: Assets/Scenes/start menu.unity
  artifactKey: Guid(8844adf90d0bea74692c893532e9ef05) Importer(815301076,1909f56bfc062723c751e8b465ee728b)
Start importing Assets/Scenes/start menu.unity using Guid(8844adf90d0bea74692c893532e9ef05) Importer(815301076,1909f56bfc062723c751e8b465ee728b)  -> (artifact id: '35cbabf0dc717b8e3ad1b61d6c17be61') in 0.003009 seconds
  Import took 0.010148 seconds .

========================================================================
Received Import Request.
  Time since last request: 17.582446 seconds.
  path: Assets/Scenes/main.unity
  artifactKey: Guid(78a510c781f19db4da14f78ebb30946a) Importer(815301076,1909f56bfc062723c751e8b465ee728b)
Start importing Assets/Scenes/main.unity using Guid(78a510c781f19db4da14f78ebb30946a) Importer(815301076,1909f56bfc062723c751e8b465ee728b)  -> (artifact id: 'da756e02191e6ed567ca89e0890d163c') in 0.040269 seconds
  Import took 0.064692 seconds .

========================================================================
Received Prepare
Registering precompiled user dll's ...
Registered in 0.001091 seconds.
Begin MonoManager ReloadAssembly
Native extension for Lumin target not found
Native extension for LinuxStandalone target not found
Native extension for WindowsStandalone target not found
Native extension for OSXStandalone target not found
Native extension for WebGL target not found
Refreshing native plugins compatible for Editor in 0.50 ms, found 0 plugins.
Preloading 0 native plugins for Editor in 0.00 ms.
Invoked RoslynAnalysisRunner static constructor.
RoslynAnalysisRunner will not be running.
RoslynAnalysisRunner has terminated.
Mono: successfully reloaded assembly
- Completed reload, in  1.084 seconds
Platform modules already initialized, skipping
Shader 'Universal Render Pipeline/Particles/Lit': fallback shader 'Universal Render Pipeline/Particles/SimpleLit' not found
Refreshing native plugins compatible for Editor in 0.49 ms, found 0 plugins.
Preloading 0 native plugins for Editor in 0.00 ms.
Unloading 2315 Unused Serialized files (Serialized files now loaded: 0)
System memory in use before: 111.7 MB.
System memory in use after: 111.9 MB.

Unloading 5 unused Assets to reduce memory usage. Loaded Objects now: 2944.
Total: 3.709500 ms (FindLiveObjects: 0.561800 ms CreateObjectMapping: 0.303200 ms MarkObjects: 2.805700 ms  DeleteObjects: 0.037600 ms)

========================================================================
Received Import Request.
  Time since last request: 30.366268 seconds.
  path: Assets/Scripts/ScoreManager.cs
  artifactKey: Guid(3216ca067bd442a45994f51073fb369b) Importer(815301076,1909f56bfc062723c751e8b465ee728b)
Start importing Assets/Scripts/ScoreManager.cs using Guid(3216ca067bd442a45994f51073fb369b) Importer(815301076,1909f56bfc062723c751e8b465ee728b)  -> (artifact id: 'b12047f6a9f53b93c1cca09c9f4fc078') in 0.007932 seconds
  Import took 0.088956 seconds .

========================================================================
Received Prepare
Registering precompiled user dll's ...
Registered in 0.001146 seconds.
Begin MonoManager ReloadAssembly
Native extension for Lumin target not found
Native extension for LinuxStandalone target not found
Native extension for WindowsStandalone target not found
Native extension for OSXStandalone target not found
Native extension for WebGL target not found
Refreshing native plugins compatible for Editor in 0.46 ms, found 0 plugins.
Preloading 0 native plugins for Editor in 0.00 ms.
Invoked RoslynAnalysisRunner static constructor.
RoslynAnalysisRunner will not be running.
RoslynAnalysisRunner has terminated.
Mono: successfully reloaded assembly
- Completed reload, in  1.030 seconds
Platform modules already initialized, skipping
Shader 'Universal Render Pipeline/Particles/Lit': fallback shader 'Universal Render Pipeline/Particles/SimpleLit' not found
Refreshing native plugins compatible for Editor in 0.49 ms, found 0 plugins.
Preloading 0 native plugins for Editor in 0.00 ms.
Unloading 2315 Unused Serialized files (Serialized files now loaded: 0)
System memory in use before: 111.7 MB.
System memory in use after: 111.9 MB.

Unloading 5 unused Assets to reduce memory usage. Loaded Objects now: 2947.
Total: 3.354900 ms (FindLiveObjects: 0.380900 ms CreateObjectMapping: 0.271400 ms MarkObjects: 2.656100 ms  DeleteObjects: 0.045000 ms)

AssetImportWorkerClient::OnTransportError - code=2 error=End of file
